2.2315 	ERROR 	Support for the `sounddevice` audio backend is not available this session. Please install `psychopy-sounddevice` and restart the session to enable support.
2.2317 	ERROR 	Failed to load any of the audioLibs: ['sounddevice']. Falling back to PsychToolbox ('ptb') backend for sound. Be sure to add 'ptb' to preferences to avoid seeing this message again.
2.3410 	WARNING 	We strongly recommend you activate the PTB sound engine in PsychoPy prefs as the preferred audio engine. Its timing is vastly superior. Your prefs are currently set to use ['sounddevice'] (in that order).
5.3265 	INFO 	Loaded monitor calibration from ['2023_09_12 08:45']
5.3376 	WARNING 	User requested fullscreen with size [1440  900], but screen is actually [1470, 956]. Using actual size
5.5055 	DEBUG 	TextBox2 loaded 1 chars with 0 blanks and 1 valid
5.5064 	DEBUG 	TextBox2 loaded 1 chars with 0 blanks and 1 valid
5.5074 	DEBUG 	TextBox2 loaded 1 chars with 0 blanks and 1 valid
5.5090 	DEBUG 	TextBox2 loaded 1 chars with 0 blanks and 1 valid
5.5105 	DEBUG 	TextBox2 loaded 1 chars with 0 blanks and 1 valid
5.5109 	DEBUG 	TextBox2 loaded 1 chars with 0 blanks and 1 valid
5.5120 	DEBUG 	TextBox2 loaded 1 chars with 0 blanks and 1 valid
5.5134 	DEBUG 	TextBox2 loaded 1 chars with 0 blanks and 1 valid
5.5136 	DEBUG 	TextBox2 loaded 1 chars with 0 blanks and 1 valid
5.5138 	DEBUG 	TextBox2 loaded 1 chars with 0 blanks and 1 valid
5.5150 	DEBUG 	TextBox2 loaded 1 chars with 0 blanks and 1 valid
5.5160 	DEBUG 	TextBox2 loaded 1 chars with 0 blanks and 1 valid
5.5169 	DEBUG 	TextBox2 loaded 1 chars with 0 blanks and 1 valid
5.5179 	DEBUG 	TextBox2 loaded 1 chars with 0 blanks and 1 valid
5.5187 	DEBUG 	TextBox2 loaded 1 chars with 0 blanks and 1 valid
5.5199 	DEBUG 	TextBox2 loaded 1 chars with 0 blanks and 1 valid
5.5208 	DEBUG 	TextBox2 loaded 1 chars with 0 blanks and 1 valid
5.5211 	DEBUG 	TextBox2 loaded 1 chars with 0 blanks and 1 valid
5.5216 	DEBUG 	TextBox2 loaded 1 chars with 0 blanks and 1 valid
5.5232 	DEBUG 	TextBox2 loaded 1 chars with 0 blanks and 1 valid
5.5234 	DEBUG 	TextBox2 loaded 1 chars with 0 blanks and 1 valid
5.5236 	DEBUG 	Uploading Texture Font fontname to graphics card
5.5265 	DEBUG 	Upload of Texture Font fontname complete
5.5327 	DEBUG 	TextBox2 loaded 1 chars with 0 blanks and 1 valid
5.5343 	DEBUG 	TextBox2 loaded 1 chars with 0 blanks and 1 valid
5.5357 	DEBUG 	TextBox2 loaded 1 chars with 0 blanks and 1 valid
5.5359 	DEBUG 	Uploading Texture Font fontname to graphics card
5.5378 	DEBUG 	Upload of Texture Font fontname complete
6.5577 	WARNING 	Couldn't measure a consistent frame rate!
  - Is your graphics card set to sync to vertical blank?
  - Are you running other processes on your computer?

6.5581 	EXP 	Created window1 = Window(allowGUI=True, allowStencil=False, autoLog=True, backendConf=UNKNOWN, backgroundFit=<method-wrapper '__getattribute__' of attributeSetter object at 0x7fbbf3b65550>, backgroundImage=<method-wrapper '__getattribute__' of attributeSetter object at 0x7fbbf3b654f0>, bitsMode=UNKNOWN, blendMode='avg', bpc=(8, 8, 8), color=array([0, 0, 0]), colorSpace='rgb', depthBits=8, fullscr=<method-wrapper '__getattribute__' of attributeSetter object at 0x7fbbf3b65370>, gamma=None, gammaErrorPolicy='raise', lms=UNKNOWN, monitor=<psychopy.monitors.calibTools.Monitor object at 0x7fbbf3c32b50>, multiSample=False, name='window1', numSamples=2, pos=[367.5, 239.0], screen=0, size=array([2940, 1912]), stencilBits=0, stereo=False, title='PsychoPy', units='norm', useFBO=True, useRetina=True, viewOri=0.0, viewPos=None, viewScale=None, waitBlanking=True, winType='pyglet')
6.5583 	EXP 	window1: mouseVisible = True
6.5583 	EXP 	window1: backgroundImage = ''
6.5583 	EXP 	window1: backgroundFit = 'none'
6.5617 	EXP 	window1: Attempting to measure frame rate of screen (0) ...
6.5617 	EXP 	window1: recordFrameIntervals = False
6.6514 	EXP 	window1: recordFrameIntervals = True
7.4842 	WARNING 	Couldn't measure a consistent frame rate!
  - Is your graphics card set to sync to vertical blank?
  - Are you running other processes on your computer?

7.4853 	EXP 	window1: mouseVisible = False
37.9375 	EXP 	window1: mouseVisible = True
37.9380 	DEBUG 	Saving data for Motor_Task ExperimentHandler
37.9384 	INFO 	saved data to data/data/_Motor_Task_2023-09-20_11h46.57.371.psydat
37.9385 	INFO 	saved data to 'data/data/_Motor_Task_2023-09-20_11h46.57.371.csv'
