2.3138 	ERROR 	Support for the `sounddevice` audio backend is not available this session. Please install `psychopy-sounddevice` and restart the session to enable support.
2.3140 	ERROR 	Failed to load any of the audioLibs: ['sounddevice']. Falling back to PsychToolbox ('ptb') backend for sound. Be sure to add 'ptb' to preferences to avoid seeing this message again.
2.4233 	WARNING 	We strongly recommend you activate the PTB sound engine in PsychoPy prefs as the preferred audio engine. Its timing is vastly superior. Your prefs are currently set to use ['sounddevice'] (in that order).
10.1059 	INFO 	Loaded monitor calibration from ['2024_08_06 20:13']
10.3862 	DEBUG 	TextBox2 loaded 1 chars with 0 blanks and 1 valid
10.3873 	DEBUG 	TextBox2 loaded 1 chars with 0 blanks and 1 valid
10.3885 	DEBUG 	TextBox2 loaded 1 chars with 0 blanks and 1 valid
10.3903 	DEBUG 	TextBox2 loaded 1 chars with 0 blanks and 1 valid
10.3920 	DEBUG 	TextBox2 loaded 1 chars with 0 blanks and 1 valid
10.3926 	DEBUG 	TextBox2 loaded 1 chars with 0 blanks and 1 valid
10.3938 	DEBUG 	TextBox2 loaded 1 chars with 0 blanks and 1 valid
10.3955 	DEBUG 	TextBox2 loaded 1 chars with 0 blanks and 1 valid
10.3958 	DEBUG 	TextBox2 loaded 1 chars with 0 blanks and 1 valid
10.3961 	DEBUG 	TextBox2 loaded 1 chars with 0 blanks and 1 valid
10.3973 	DEBUG 	TextBox2 loaded 1 chars with 0 blanks and 1 valid
10.3984 	DEBUG 	TextBox2 loaded 1 chars with 0 blanks and 1 valid
10.3994 	DEBUG 	TextBox2 loaded 1 chars with 0 blanks and 1 valid
10.4005 	DEBUG 	TextBox2 loaded 1 chars with 0 blanks and 1 valid
10.4013 	DEBUG 	TextBox2 loaded 1 chars with 0 blanks and 1 valid
10.4026 	DEBUG 	TextBox2 loaded 1 chars with 0 blanks and 1 valid
10.4037 	DEBUG 	TextBox2 loaded 1 chars with 0 blanks and 1 valid
10.4041 	DEBUG 	TextBox2 loaded 1 chars with 0 blanks and 1 valid
10.4046 	DEBUG 	TextBox2 loaded 1 chars with 0 blanks and 1 valid
10.4063 	DEBUG 	TextBox2 loaded 1 chars with 0 blanks and 1 valid
10.4066 	DEBUG 	TextBox2 loaded 1 chars with 0 blanks and 1 valid
10.4072 	DEBUG 	Uploading Texture Font fontname to graphics card
10.4109 	DEBUG 	Upload of Texture Font fontname complete
10.4190 	DEBUG 	TextBox2 loaded 1 chars with 0 blanks and 1 valid
10.4206 	DEBUG 	TextBox2 loaded 1 chars with 0 blanks and 1 valid
10.4221 	DEBUG 	TextBox2 loaded 1 chars with 0 blanks and 1 valid
10.4223 	DEBUG 	Uploading Texture Font fontname to graphics card
10.4246 	DEBUG 	Upload of Texture Font fontname complete
11.4662 	WARNING 	Couldn't measure a consistent frame rate!
  - Is your graphics card set to sync to vertical blank?
  - Are you running other processes on your computer?

11.4679 	EXP 	Created window1 = Window(allowGUI=True, allowStencil=False, autoLog=True, backendConf=UNKNOWN, backgroundFit=<method-wrapper '__getattribute__' of attributeSetter object at 0x7fca6103cee0>, backgroundImage=<method-wrapper '__getattribute__' of attributeSetter object at 0x7fca6103ce80>, bitsMode=UNKNOWN, blendMode='avg', bpc=(8, 8, 8), color=array([0, 0, 0]), colorSpace='rgb', depthBits=8, fullscr=<method-wrapper '__getattribute__' of attributeSetter object at 0x7fca6103cca0>, gamma=None, gammaErrorPolicy='raise', lms=UNKNOWN, monitor=<psychopy.monitors.calibTools.Monitor object at 0x7fca729fa460>, multiSample=False, name='window1', numSamples=2, pos=[360.0, 225.0], screen=0, size=array([2880, 1800]), stencilBits=0, stereo=False, title='PsychoPy', units='norm', useFBO=True, useRetina=True, viewOri=0.0, viewPos=None, viewScale=None, waitBlanking=True, winType='pyglet')
11.4681 	EXP 	window1: mouseVisible = True
11.4682 	EXP 	window1: backgroundImage = ''
11.4682 	EXP 	window1: backgroundFit = 'none'
11.4719 	EXP 	window1: Attempting to measure frame rate of screen (0) ...
11.4720 	EXP 	window1: recordFrameIntervals = False
11.5825 	EXP 	window1: recordFrameIntervals = True
12.4153 	WARNING 	Couldn't measure a consistent frame rate!
  - Is your graphics card set to sync to vertical blank?
  - Are you running other processes on your computer?

12.4172 	EXP 	window1: mouseVisible = False
15.0436 	INFO 	keyboard.Keyboard is using iohub backend.
15.0437 	EXP 	Motor_Task: status = STARTED
15.0441 	EXP 	window1: mouseVisible = True
15.0831 	EXP 	Created text_2 = TextStim(__class__=<class 'psychopy.visual.text.TextStim'>, alignHoriz=method-wrapper(...), alignText='center', alignVert=method-wrapper(...), anchorHoriz='center', anchorVert='center', antialias=True, autoDraw=False, autoLog=True, bold=False, color=array([1., 1., 1.]), colorSpace='rgb', contrast=1.0, depth=0.0, draggable=False, flipHoriz=False, flipVert=False, font='Arial', fontFiles=[], height=0.03, italic=False, languageStyle='LTR', name='text_2', opacity=1.0, ori=0, pos=array([ 0. , -0.3]), rgb=UNKNOWN, text=str(...), units='norm', win=Window(...), wrapWidth=2)
15.0831 	INFO 	keyboard.Keyboard is using iohub backend.
15.0832 	EXP 	window1: mouseVisible = True
15.0833 	EXP 	window1: mouseVisible = True
15.1426 	EXP 	Created image = ImageStim(__class__=<class 'psychopy.visual.image.ImageStim'>, anchor=('center', 'center'), autoLog=True, color=array([1., 1., 1.]), colorSpace='rgb', contrast=1.0, depth=-3.0, draggable=False, flipHoriz=False, flipVert=False, image='right_hand_motor.png', interpolate=True, mask=None, maskParams=None, name='image', opacity=1.0, ori=0.0, pos=array([0., 0.]), size=array([0.4, 0.5]), texRes=512, units='norm', win=Window(...))
15.1427 	EXP 	window1: mouseVisible = True
15.1558 	EXP 	Created text_4 = TextStim(__class__=<class 'psychopy.visual.text.TextStim'>, alignHoriz=method-wrapper(...), alignText='center', alignVert=method-wrapper(...), anchorHoriz='center', anchorVert='center', antialias=True, autoDraw=False, autoLog=True, bold=False, color=array([1., 1., 1.]), colorSpace='rgb', contrast=1.0, depth=-4.0, draggable=False, flipHoriz=False, flipVert=False, font='Arial', fontFiles=[], height=0.03, italic=False, languageStyle='LTR', name='text_4', opacity=1.0, ori=0, pos=array([0. , 0.3]), rgb=UNKNOWN, text=str(...), units='norm', win=Window(...), wrapWidth=1)
15.1559 	EXP 	window1: mouseVisible = True
15.1644 	EXP 	Created index2 = ImageStim(__class__=<class 'psychopy.visual.image.ImageStim'>, anchor=('center', 'center'), autoLog=True, color=array([1., 1., 1.]), colorSpace='rgb', contrast=1.0, depth=0.0, draggable=False, flipHoriz=False, flipVert=False, image='key.png', interpolate=True, mask=None, maskParams=None, name='index2', opacity=1.0, ori=0.0, pos=array([-0.5, -0.1]), size=array([0.3, 0.4]), texRes=512, units='norm', win=Window(...))
15.1645 	EXP 	window1: mouseVisible = True
15.1722 	EXP 	Created middle2 = ImageStim(__class__=<class 'psychopy.visual.image.ImageStim'>, anchor=('center', 'center'), autoLog=True, color=array([1., 1., 1.]), colorSpace='rgb', contrast=1.0, depth=-1.0, draggable=False, flipHoriz=False, flipVert=False, image='key.png', interpolate=True, mask=None, maskParams=None, name='middle2', opacity=1.0, ori=0.0, pos=array([-0.15,  0.1 ]), size=array([0.3, 0.4]), texRes=512, units='norm', win=Window(...))
15.1722 	EXP 	window1: mouseVisible = True
15.1799 	EXP 	Created ring2 = ImageStim(__class__=<class 'psychopy.visual.image.ImageStim'>, anchor=('center', 'center'), autoLog=True, color=array([1., 1., 1.]), colorSpace='rgb', contrast=1.0, depth=-2.0, draggable=False, flipHoriz=False, flipVert=False, image='key.png', interpolate=True, mask=None, maskParams=None, name='ring2', opacity=1.0, ori=0.0, pos=array([ 0.2 , -0.05]), size=array([0.3, 0.4]), texRes=512, units='norm', win=Window(...))
15.1799 	EXP 	window1: mouseVisible = True
15.1874 	EXP 	Created little2 = ImageStim(__class__=<class 'psychopy.visual.image.ImageStim'>, anchor=('center', 'center'), autoLog=True, color=array([1., 1., 1.]), colorSpace='rgb', contrast=1.0, depth=-3.0, draggable=False, flipHoriz=False, flipVert=False, image='key.png', interpolate=True, mask=None, maskParams=None, name='little2', opacity=1.0, ori=0.0, pos=array([ 0.55, -0.25]), size=array([0.3, 0.4]), texRes=512, units='norm', win=Window(...))
15.1875 	EXP 	window1: mouseVisible = True
15.1946 	EXP 	Created marker = ImageStim(__class__=<class 'psychopy.visual.image.ImageStim'>, anchor=('center', 'center'), autoLog=True, color=array([1., 1., 1.]), colorSpace='rgb', contrast=1.0, depth=-4.0, draggable=False, flipHoriz=False, flipVert=False, image='marker.png', interpolate=True, mask=None, maskParams=None, name='marker', opacity=1.0, ori=0.0, pos=array([0., 0.]), size=array([0.2 , 0.25]), texRes=512, units='norm', win=Window(...))
15.1946 	INFO 	keyboard.Keyboard is using iohub backend.
15.1947 	EXP 	window1: mouseVisible = True
15.2022 	EXP 	Created index2 = ImageStim(__class__=<class 'psychopy.visual.image.ImageStim'>, anchor=('center', 'center'), autoLog=True, color=array([1., 1., 1.]), colorSpace='rgb', contrast=1.0, depth=0.0, draggable=False, flipHoriz=False, flipVert=False, image='key.png', interpolate=True, mask=None, maskParams=None, name='index2', opacity=1.0, ori=0.0, pos=array([-0.5, -0.1]), size=array([0.3, 0.4]), texRes=512, units='norm', win=Window(...))
15.2023 	EXP 	window1: mouseVisible = True
15.2097 	EXP 	Created middle2 = ImageStim(__class__=<class 'psychopy.visual.image.ImageStim'>, anchor=('center', 'center'), autoLog=True, color=array([1., 1., 1.]), colorSpace='rgb', contrast=1.0, depth=-1.0, draggable=False, flipHoriz=False, flipVert=False, image='key.png', interpolate=True, mask=None, maskParams=None, name='middle2', opacity=1.0, ori=0.0, pos=array([-0.15,  0.1 ]), size=array([0.3, 0.4]), texRes=512, units='norm', win=Window(...))
15.2098 	EXP 	window1: mouseVisible = True
15.2173 	EXP 	Created ring2 = ImageStim(__class__=<class 'psychopy.visual.image.ImageStim'>, anchor=('center', 'center'), autoLog=True, color=array([1., 1., 1.]), colorSpace='rgb', contrast=1.0, depth=-2.0, draggable=False, flipHoriz=False, flipVert=False, image='key.png', interpolate=True, mask=None, maskParams=None, name='ring2', opacity=1.0, ori=0.0, pos=array([ 0.2 , -0.05]), size=array([0.3, 0.4]), texRes=512, units='norm', win=Window(...))
15.2174 	EXP 	window1: mouseVisible = True
15.2248 	EXP 	Created little2 = ImageStim(__class__=<class 'psychopy.visual.image.ImageStim'>, anchor=('center', 'center'), autoLog=True, color=array([1., 1., 1.]), colorSpace='rgb', contrast=1.0, depth=-3.0, draggable=False, flipHoriz=False, flipVert=False, image='key.png', interpolate=True, mask=None, maskParams=None, name='little2', opacity=1.0, ori=0.0, pos=array([ 0.55, -0.25]), size=array([0.3, 0.4]), texRes=512, units='norm', win=Window(...))
15.2249 	EXP 	window1: mouseVisible = True
15.2309 	EXP 	Created marker = ImageStim(__class__=<class 'psychopy.visual.image.ImageStim'>, anchor=('center', 'center'), autoLog=True, color=array([1., 1., 1.]), colorSpace='rgb', contrast=1.0, depth=-4.0, draggable=False, flipHoriz=False, flipVert=False, image='marker.png', interpolate=True, mask=None, maskParams=None, name='marker', opacity=1.0, ori=0.0, pos=array([0., 0.]), size=array([0.2 , 0.25]), texRes=512, units='norm', win=Window(...))
15.2309 	INFO 	keyboard.Keyboard is using iohub backend.
15.2310 	EXP 	window1: mouseVisible = True
15.2362 	EXP 	Created text_3 = TextStim(__class__=<class 'psychopy.visual.text.TextStim'>, alignHoriz=method-wrapper(...), alignText='center', alignVert=method-wrapper(...), anchorHoriz='center', anchorVert='center', antialias=True, autoDraw=False, autoLog=True, bold=False, color=array([1., 1., 1.]), colorSpace='rgb', contrast=1.0, depth=0.0, draggable=False, flipHoriz=False, flipVert=False, font='Arial', fontFiles=[], height=0.2, italic=False, languageStyle='LTR', name='text_3', opacity=1.0, ori=0, pos=array([0., 0.]), rgb=UNKNOWN, text='THE END', units='norm', win=Window(...), wrapWidth=1)
0.0204 	INFO 	Keyboard events cleared
0.0199 	EXP 	text_2: autoDraw = True
0.0199 	EXP 	image: autoDraw = True
0.0199 	EXP 	text_4: autoDraw = True
13.1873 	DATA 	Keypress: escape
13.1947 	WARNING 	t of last frame was 31.20ms (=1/32)
13.2136 	EXP 	Motor_Task: status = STOPPED
13.2231 	EXP 	text_2: autoDraw = False
13.2231 	EXP 	image: autoDraw = False
13.2231 	EXP 	text_4: autoDraw = False
13.2231 	EXP 	Motor_Task: status = STOPPED
13.2249 	INFO 	saved data to 'data/data/jamie_Motor_Task_2024-09-26_15h43.45.517.csv'
13.2258 	INFO 	saved data to data/data/jamie_Motor_Task_2024-09-26_15h43.45.517.psydat
13.2515 	EXP 	window1: mouseVisible = True
13.3911 	DEBUG 	Saving data for Motor_Task ExperimentHandler
